0 info it worked if it ends with ok
1 verbose cli [ '/Users/patrickcamacho/.nvm/versions/node/v6.9.1/bin/node',
1 verbose cli   '/Users/patrickcamacho/.nvm/versions/node/v6.9.1/bin/npm',
1 verbose cli   'run',
1 verbose cli   'docs' ]
2 info using npm@3.10.8
3 info using node@v6.9.1
4 verbose run-script [ 'predocs', 'docs', 'postdocs' ]
5 info lifecycle markdown-magic-last-modified@1.0.0~predocs: markdown-magic-last-modified@1.0.0
6 silly lifecycle markdown-magic-last-modified@1.0.0~predocs: no script for predocs, continuing
7 info lifecycle markdown-magic-last-modified@1.0.0~docs: markdown-magic-last-modified@1.0.0
8 verbose lifecycle markdown-magic-last-modified@1.0.0~docs: unsafe-perm in lifecycle true
9 verbose lifecycle markdown-magic-last-modified@1.0.0~docs: PATH: /Users/patrickcamacho/.nvm/versions/node/v6.9.1/lib/node_modules/npm/bin/node-gyp-bin:/Users/patrickcamacho/projects/markdown-magic-last-modified/node_modules/.bin:/Users/patrickcamacho/projects/markdown-magic-last-modified/node_modules/.bin:/Users/patrickcamacho/.config/yarn/link/node_modules/.bin:/Users/patrickcamacho/projects/markdown-magic-last-modified/node_modules/.bin:/Users/patrickcamacho/.config/yarn/link/node_modules/.bin:/Users/patrickcamacho/.nvm/versions/node/v6.9.1/bin:/Users/patrickcamacho/.nvm/versions/node/v6.9.1/lib/node_modules/npm/bin/node-gyp-bin:/Users/patrickcamacho/.nvm/versions/node/v6.9.1/bin/node_modules/npm/bin/node-gyp-bin:/Users/patrickcamacho/google-cloud-sdk/bin:/Users/patrickcamacho/.nvm/versions/node/v6.9.1/bin:/usr/local/bin:/usr/local/sbin:~/bin:/usr/local/bin:/usr/bin:/bin:/usr/sbin:/sbin:/usr/local/opt/go/libexec/bin:/Users/patrickcamacho/.nvm/versions/node/v6.9.1/bin
10 verbose lifecycle markdown-magic-last-modified@1.0.0~docs: CWD: /Users/patrickcamacho/projects/markdown-magic-last-modified
11 silly lifecycle markdown-magic-last-modified@1.0.0~docs: Args: [ '-c', 'node example.js' ]
12 silly lifecycle markdown-magic-last-modified@1.0.0~docs: Returned: code: 1  signal: null
13 info lifecycle markdown-magic-last-modified@1.0.0~docs: Failed to exec docs script
14 verbose stack Error: markdown-magic-last-modified@1.0.0 docs: `node example.js`
14 verbose stack Exit status 1
14 verbose stack     at EventEmitter.<anonymous> (/Users/patrickcamacho/.nvm/versions/node/v6.9.1/lib/node_modules/npm/lib/utils/lifecycle.js:255:16)
14 verbose stack     at emitTwo (events.js:106:13)
14 verbose stack     at EventEmitter.emit (events.js:191:7)
14 verbose stack     at ChildProcess.<anonymous> (/Users/patrickcamacho/.nvm/versions/node/v6.9.1/lib/node_modules/npm/lib/utils/spawn.js:40:14)
14 verbose stack     at emitTwo (events.js:106:13)
14 verbose stack     at ChildProcess.emit (events.js:191:7)
14 verbose stack     at maybeClose (internal/child_process.js:877:16)
14 verbose stack     at Process.ChildProcess._handle.onexit (internal/child_process.js:226:5)
15 verbose pkgid markdown-magic-last-modified@1.0.0
16 verbose cwd /Users/patrickcamacho/projects/markdown-magic-last-modified
17 error Darwin 16.6.0
18 error argv "/Users/patrickcamacho/.nvm/versions/node/v6.9.1/bin/node" "/Users/patrickcamacho/.nvm/versions/node/v6.9.1/bin/npm" "run" "docs"
19 error node v6.9.1
20 error npm  v3.10.8
21 error code ELIFECYCLE
22 error markdown-magic-last-modified@1.0.0 docs: `node example.js`
22 error Exit status 1
23 error Failed at the markdown-magic-last-modified@1.0.0 docs script 'node example.js'.
23 error Make sure you have the latest version of node.js and npm installed.
23 error If you do, this is most likely a problem with the markdown-magic-last-modified package,
23 error not with npm itself.
23 error Tell the author that this fails on your system:
23 error     node example.js
23 error You can get information on how to open an issue for this project with:
23 error     npm bugs markdown-magic-last-modified
23 error Or if that isn't available, you can get their info via:
23 error     npm owner ls markdown-magic-last-modified
23 error There is likely additional logging output above.
24 verbose exit [ 1, true ]
